<?xml version="1.0" encoding="UTF-8"?>
<!-- Generated by org.testng.reporters.JUnitReportReporter -->
<testsuite skipped="0" hostname="sivaranjanisMBP" name="Runner.runner" tests="2" failures="0" timestamp="21 May 2019 06:43:09 GMT" time="151.111" errors="0">
  <testcase name="feature" time="34.778" classname="Runner.runner"/>
  <testcase name="feature" time="116.333" classname="Runner.runner"/>
</testsuite> <!-- Runner.runner -->
